#-----------------------------------------------------------
# Vivado v2021.1 (64-bit)
# SW Build 3247384 on Thu Jun 10 19:36:33 MDT 2021
# IP Build 3246043 on Fri Jun 11 00:30:35 MDT 2021
# Start of session at: Sat Sep 10 16:29:44 2022
# Process ID: 760
# Current directory: C:/Users/Adam/Desktop/ECE 3829/Lab 2/lab_2
# Command line: vivado.exe -gui_launcher_event rodinguilauncherevent9220 C:\Users\Adam\Desktop\ECE 3829\Lab 2\lab_2\lab_2.xpr
# Log file: C:/Users/Adam/Desktop/ECE 3829/Lab 2/lab_2/vivado.log
# Journal file: C:/Users/Adam/Desktop/ECE 3829/Lab 2/lab_2\vivado.jou
#-----------------------------------------------------------
start_gui
open_project {C:/Users/Adam/Desktop/ECE 3829/Lab 2/lab_2/lab_2.xpr}
Scanning sources...
Finished scanning sources
INFO: [IP_Flow 19-234] Refreshing IP repositories
INFO: [IP_Flow 19-1704] No user IP repositories specified
INFO: [IP_Flow 19-2313] Loaded Vivado IP repository 'C:/Xilinx/Vivado/2021.1/data/ip'.
open_project: Time (s): cpu = 00:00:20 ; elapsed = 00:00:09 . Memory (MB): peak = 1119.766 ; gain = 0.000
update_compile_order -fileset sources_1
archive_project {C:/Users/Adam/Desktop/ECE 3829/Lab 2/lab_2.xpr.zip} -temp_dir {C:/Users/Adam/Desktop/ECE 3829/Lab 2/lab_2/.Xil/Vivado-760-DESKTOP-0FOP0U3} -force -include_local_ip_cache -include_config_settings
INFO: [Coretcl 2-137] starting archive...
INFO: [Coretcl 2-1499] Saving project copy to temporary location 'C:/Users/Adam/Desktop/ECE 3829/Lab 2/lab_2/.Xil/Vivado-760-DESKTOP-0FOP0U3' for archiving project
Scanning sources...
Finished scanning sources
INFO: [IP_Flow 19-234] Refreshing IP repositories
INFO: [IP_Flow 19-1704] No user IP repositories specified
INFO: [IP_Flow 19-2313] Loaded Vivado IP repository 'C:/Xilinx/Vivado/2021.1/data/ip'.
INFO: [Coretcl 2-1211] Creating project copy for archival...
INFO: [ProjectBase 1-495] The host OS only allows 260 characters in a normal path. The project is stored in a path with more than 80 characters. If you experience any problem with archiving the project, please consider setting environment variable $TEMP to a shorter path.
Current project path is 'C:/Users/Adam/Desktop/ECE 3829/Lab 2/lab_2/.Xil/Vivado-760-DESKTOP-0FOP0U3/PrjAr/_X_'.
INFO: [Coretcl 2-1213] Including run results for 'synth_1'
INFO: [Coretcl 2-1213] Including run results for 'clk_mmcm_wiz_synth_1'
INFO: [Coretcl 2-1213] Including run results for 'impl_1'
INFO: [Coretcl 2-133] re-setting run 'clk_mmcm_wiz_impl_1'...
INFO: [Coretcl 2-1212] Importing remotely added design sources and verilog include files (if any)...
INFO: [filemgmt 20-334] All file(s) are already imported in fileset: 'clk_mmcm_wiz'
INFO: [filemgmt 20-348] Importing the appropriate files for fileset: 'clk_mmcm_wiz'
INFO: [filemgmt 20-334] All file(s) are already imported in fileset: 'constrs_1'
INFO: [filemgmt 20-348] Importing the appropriate files for fileset: 'constrs_1'
INFO: [filemgmt 20-348] Importing the appropriate files for fileset: 'sources_1'
INFO: [Coretcl 2-1209] Adding archive summary file to the project...
INFO: [Coretcl 2-1214] Preparing project files for archive...
INFO: [Coretcl 2-1210] Compressing project files and data...
INFO: [Coretcl 2-1215] Project archived (C:/Users/Adam/Desktop/ECE 3829/Lab 2/lab_2.xpr.zip)
INFO: [Coretcl 2-1216] To view the archive summary log in GUI, double click on 'Design Sources->Text->archive_project_summary.txt', or open this file from the archived project directory.
archive_project: Time (s): cpu = 00:00:03 ; elapsed = 00:00:07 . Memory (MB): peak = 1119.766 ; gain = 0.000
exit
INFO: [Common 17-206] Exiting Vivado at Sat Sep 10 16:30:45 2022...
