#-----------------------------------------------------------
# Vivado v2021.1 (64-bit)
# SW Build 3247384 on Thu Jun 10 19:36:33 MDT 2021
# IP Build 3246043 on Fri Jun 11 00:30:35 MDT 2021
# Start of session at: Sat Sep 10 21:52:34 2022
# Process ID: 10220
# Current directory: C:/Users/Adam/Desktop/ECE 3829/Lab 2/lab_2
# Command line: vivado.exe -gui_launcher_event rodinguilauncherevent5616 C:\Users\Adam\Desktop\ECE 3829\Lab 2\lab_2\lab_2.xpr
# Log file: C:/Users/Adam/Desktop/ECE 3829/Lab 2/lab_2/vivado.log
# Journal file: C:/Users/Adam/Desktop/ECE 3829/Lab 2/lab_2\vivado.jou
#-----------------------------------------------------------
start_gui
open_project {C:/Users/Adam/Desktop/ECE 3829/Lab 2/lab_2/lab_2.xpr}
Scanning sources...
Finished scanning sources
INFO: [IP_Flow 19-234] Refreshing IP repositories
INFO: [IP_Flow 19-1704] No user IP repositories specified
INFO: [IP_Flow 19-2313] Loaded Vivado IP repository 'C:/Xilinx/Vivado/2021.1/data/ip'.
open_project: Time (s): cpu = 00:00:20 ; elapsed = 00:00:09 . Memory (MB): peak = 1441.184 ; gain = 0.000
update_compile_order -fileset sources_1
reset_run synth_1
WARNING: [Vivado 12-1017] Problems encountered:
1. Failed to delete one or more files in run directory C:/Users/Adam/Desktop/ECE 3829/Lab 2/lab_2/lab_2.runs/synth_1

launch_runs synth_1 -jobs 4
[Sat Sep 10 23:07:13 2022] Launched synth_1...
Run output will be captured here: C:/Users/Adam/Desktop/ECE 3829/Lab 2/lab_2/lab_2.runs/synth_1/runme.log
reset_run synth_1
WARNING: [Vivado 12-1017] Problems encountered:
1. Failed to delete one or more files in run directory C:/Users/Adam/Desktop/ECE 3829/Lab 2/lab_2/lab_2.runs/synth_1

launch_runs synth_1 -jobs 4
[Sat Sep 10 23:09:27 2022] Launched synth_1...
Run output will be captured here: C:/Users/Adam/Desktop/ECE 3829/Lab 2/lab_2/lab_2.runs/synth_1/runme.log
launch_runs impl_1 -jobs 4
[Sat Sep 10 23:10:07 2022] Launched impl_1...
Run output will be captured here: C:/Users/Adam/Desktop/ECE 3829/Lab 2/lab_2/lab_2.runs/impl_1/runme.log
launch_runs impl_1 -to_step write_bitstream -jobs 4
[Sat Sep 10 23:11:01 2022] Launched impl_1...
Run output will be captured here: C:/Users/Adam/Desktop/ECE 3829/Lab 2/lab_2/lab_2.runs/impl_1/runme.log
open_hw_manager
connect_hw_server -allow_non_jtag
INFO: [Labtools 27-2285] Connecting to hw_server url TCP:localhost:3121
INFO: [Labtools 27-2222] Launching hw_server...
INFO: [Labtools 27-2221] Launch Output:

****** Xilinx hw_server v2021.1
  **** Build date : Jun 10 2021 at 20:17:23
    ** Copyright 1986-2021 Xilinx, Inc. All Rights Reserved.


INFO: [Labtools 27-3415] Connecting to cs_server url TCP:localhost:3042
INFO: [Labtools 27-3417] Launching cs_server...
INFO: [Labtools 27-2221] Launch Output:


******** Xilinx cs_server v2021.1
  ****** Build date   : May 26 2021-13:32:33
    **** Build number : 2021.1.1622050353
      ** Copyright 2017-2022 Xilinx, Inc. All Rights Reserved.



connect_hw_server: Time (s): cpu = 00:00:00 ; elapsed = 00:00:08 . Memory (MB): peak = 1441.184 ; gain = 0.000
open_hw_target
INFO: [Labtoolstcl 44-466] Opening hw_target localhost:3121/xilinx_tcf/Digilent/210183B0362CA
open_hw_target: Time (s): cpu = 00:00:05 ; elapsed = 00:00:05 . Memory (MB): peak = 2754.473 ; gain = 1313.289
set_property PROGRAM.FILE {C:/Users/Adam/Desktop/ECE 3829/Lab 2/lab_2/lab_2.runs/impl_1/top_lab2.bit} [get_hw_devices xc7a35t_0]
current_hw_device [get_hw_devices xc7a35t_0]
refresh_hw_device -update_hw_probes false [lindex [get_hw_devices xc7a35t_0] 0]
INFO: [Labtools 27-1434] Device xc7a35t (JTAG device index = 0) is programmed with a design that has no supported debug core(s) in it.
set_property PROBES.FILE {} [get_hw_devices xc7a35t_0]
set_property FULL_PROBES.FILE {} [get_hw_devices xc7a35t_0]
set_property PROGRAM.FILE {C:/Users/Adam/Desktop/ECE 3829/Lab 2/lab_2/lab_2.runs/impl_1/top_lab2.bit} [get_hw_devices xc7a35t_0]
program_hw_devices [get_hw_devices xc7a35t_0]
INFO: [Labtools 27-3164] End of startup status: HIGH
refresh_hw_device [lindex [get_hw_devices xc7a35t_0] 0]
INFO: [Labtools 27-1434] Device xc7a35t (JTAG device index = 0) is programmed with a design that has no supported debug core(s) in it.
close_hw_manager
reset_run synth_1
WARNING: [Vivado 12-1017] Problems encountered:
1. Failed to delete one or more files in run directory C:/Users/Adam/Desktop/ECE 3829/Lab 2/lab_2/lab_2.runs/synth_1

launch_runs synth_1 -jobs 4
[Sat Sep 10 23:29:26 2022] Launched synth_1...
Run output will be captured here: C:/Users/Adam/Desktop/ECE 3829/Lab 2/lab_2/lab_2.runs/synth_1/runme.log
close [ open {C:/Users/Adam/Desktop/ECE 3829/Lab 2/lab_2/lab_2.srcs/sources_1/new/debounce.v} w ]
add_files {{C:/Users/Adam/Desktop/ECE 3829/Lab 2/lab_2/lab_2.srcs/sources_1/new/debounce.v}}
update_compile_order -fileset sources_1
reset_run synth_1
WARNING: [Vivado 12-1017] Problems encountered:
1. Failed to delete one or more files in run directory C:/Users/Adam/Desktop/ECE 3829/Lab 2/lab_2/lab_2.runs/synth_1

launch_runs synth_1 -jobs 4
[Sun Sep 11 03:37:27 2022] Launched synth_1...
Run output will be captured here: C:/Users/Adam/Desktop/ECE 3829/Lab 2/lab_2/lab_2.runs/synth_1/runme.log
launch_runs impl_1 -jobs 4
[Sun Sep 11 03:40:45 2022] Launched impl_1...
Run output will be captured here: C:/Users/Adam/Desktop/ECE 3829/Lab 2/lab_2/lab_2.runs/impl_1/runme.log
launch_runs impl_1 -to_step write_bitstream -jobs 4
[Sun Sep 11 03:41:46 2022] Launched impl_1...
Run output will be captured here: C:/Users/Adam/Desktop/ECE 3829/Lab 2/lab_2/lab_2.runs/impl_1/runme.log
open_hw_manager
connect_hw_server -allow_non_jtag
INFO: [Labtools 27-2285] Connecting to hw_server url TCP:localhost:3121
INFO: [Labtools 27-2222] Launching hw_server...
INFO: [Labtools 27-2221] Launch Output:

****** Xilinx hw_server v2021.1
  **** Build date : Jun 10 2021 at 20:17:23
    ** Copyright 1986-2021 Xilinx, Inc. All Rights Reserved.


INFO: [Labtools 27-3415] Connecting to cs_server url TCP:localhost:3042
INFO: [Labtools 27-3417] Launching cs_server...
INFO: [Labtools 27-2221] Launch Output:


******** Xilinx cs_server v2021.1
  ****** Build date   : May 26 2021-13:32:33
    **** Build number : 2021.1.1622050353
      ** Copyright 2017-2022 Xilinx, Inc. All Rights Reserved.



connect_hw_server: Time (s): cpu = 00:00:00 ; elapsed = 00:00:08 . Memory (MB): peak = 2834.875 ; gain = 0.000
open_hw_target
INFO: [Labtoolstcl 44-466] Opening hw_target localhost:3121/xilinx_tcf/Digilent/210183B0362CA
set_property PROGRAM.FILE {C:/Users/Adam/Desktop/ECE 3829/Lab 2/lab_2/lab_2.runs/impl_1/top_lab2.bit} [get_hw_devices xc7a35t_0]
current_hw_device [get_hw_devices xc7a35t_0]
refresh_hw_device -update_hw_probes false [lindex [get_hw_devices xc7a35t_0] 0]
INFO: [Labtools 27-1434] Device xc7a35t (JTAG device index = 0) is programmed with a design that has no supported debug core(s) in it.
set_property PROBES.FILE {} [get_hw_devices xc7a35t_0]
set_property FULL_PROBES.FILE {} [get_hw_devices xc7a35t_0]
set_property PROGRAM.FILE {C:/Users/Adam/Desktop/ECE 3829/Lab 2/lab_2/lab_2.runs/impl_1/top_lab2.bit} [get_hw_devices xc7a35t_0]
program_hw_devices [get_hw_devices xc7a35t_0]
INFO: [Labtools 27-3164] End of startup status: HIGH
refresh_hw_device [lindex [get_hw_devices xc7a35t_0] 0]
INFO: [Labtools 27-1434] Device xc7a35t (JTAG device index = 0) is programmed with a design that has no supported debug core(s) in it.
close_hw_manager
update_compile_order -fileset sources_1
exit
INFO: [Common 17-206] Exiting Vivado at Sun Sep 11 04:11:03 2022...
